2020-09-20 14:18:32,167 [INFO] com.jay.rest.RestApplication [main] Starting RestApplication on Xps-Jay with PID 7672 (C:\Users\jpate\IdeaProjects\RestUtil\target\classes started by jpate in C:\Users\jpate\IdeaProjects\RestUtil)
2020-09-20 14:18:32,170 [INFO] com.jay.rest.RestApplication [main] No active profile set, falling back to default profiles: default
2020-09-20 14:18:32,807 [INFO] org.springframework.data.repository.config.RepositoryConfigurationDelegate [main] Bootstrapping Spring Data MongoDB repositories in DEFAULT mode.
2020-09-20 14:18:32,865 [INFO] org.springframework.data.repository.config.RepositoryConfigurationDelegate [main] Finished Spring Data repository scanning in 55ms. Found 1 MongoDB repository interfaces.
2020-09-20 14:18:33,020 [INFO] org.springframework.context.support.PostProcessorRegistrationDelegate$BeanPostProcessorChecker [main] Bean 'org.springframework.ws.config.annotation.DelegatingWsConfiguration' of type [org.springframework.ws.config.annotation.DelegatingWsConfiguration$$EnhancerBySpringCGLIB$$65ae18c9] is not eligible for getting processed by all BeanPostProcessors (for example: not eligible for auto-proxying)
2020-09-20 14:18:33,059 [INFO] org.springframework.ws.soap.addressing.server.AnnotationActionEndpointMapping [main] Supporting [WS-Addressing August 2004, WS-Addressing 1.0]
2020-09-20 14:18:33,233 [INFO] org.springframework.boot.web.embedded.tomcat.TomcatWebServer [main] Tomcat initialized with port(s): 8081 (http)
2020-09-20 14:18:33,240 [INFO] org.apache.catalina.core.StandardService [main] Starting service [Tomcat]
2020-09-20 14:18:33,240 [INFO] org.apache.catalina.core.StandardEngine [main] Starting Servlet engine: [Apache Tomcat/9.0.37]
2020-09-20 14:18:33,309 [INFO] org.apache.catalina.core.ContainerBase.[Tomcat].[localhost].[/] [main] Initializing Spring embedded WebApplicationContext
2020-09-20 14:18:33,310 [INFO] org.springframework.boot.web.servlet.context.ServletWebServerApplicationContext [main] Root WebApplicationContext: initialization completed in 1104 ms
2020-09-20 14:18:33,576 [INFO] org.mongodb.driver.cluster [main] Cluster created with settings {hosts=[mymongodb:27017], mode=SINGLE, requiredClusterType=UNKNOWN, serverSelectionTimeout='30000 ms'}
2020-09-20 14:18:33,928 [INFO] org.springframework.scheduling.concurrent.ThreadPoolTaskExecutor [main] Initializing ExecutorService 'applicationTaskExecutor'
2020-09-20 14:18:34,190 [INFO] org.springframework.boot.actuate.endpoint.web.EndpointLinksResolver [main] Exposing 2 endpoint(s) beneath base path '/actuator'
2020-09-20 14:18:34,229 [INFO] org.springframework.boot.web.embedded.tomcat.TomcatWebServer [main] Tomcat started on port(s): 8081 (http) with context path ''
2020-09-20 14:18:34,242 [INFO] com.jay.rest.RestApplication [main] Started RestApplication in 2.349 seconds (JVM running for 3.794)
2020-09-20 14:18:34,297 [INFO] org.apache.catalina.core.ContainerBase.[Tomcat].[localhost].[/] [RMI TCP Connection(1)-192.168.1.244] Initializing Spring DispatcherServlet 'dispatcherServlet'
2020-09-20 14:18:34,297 [INFO] org.springframework.web.servlet.DispatcherServlet [RMI TCP Connection(1)-192.168.1.244] Initializing Servlet 'dispatcherServlet'
2020-09-20 14:18:34,301 [INFO] org.springframework.web.servlet.DispatcherServlet [RMI TCP Connection(1)-192.168.1.244] Completed initialization in 4 ms
2020-09-20 14:18:34,308 [INFO] org.mongodb.driver.cluster [RMI TCP Connection(2)-192.168.1.244] Cluster description not yet available. Waiting for 30000 ms before timing out
2020-09-20 14:18:35,913 [INFO] org.mongodb.driver.cluster [cluster-ClusterId{value='5f679cf97cbbfc68d76245b5', description='null'}-mymongodb:27017] Exception in monitor thread while connecting to server mymongodb:27017
com.mongodb.MongoSocketException: No such host is known (mymongodb)
	at com.mongodb.ServerAddress.getSocketAddresses(ServerAddress.java:211)
	at com.mongodb.internal.connection.SocketStream.initializeSocket(SocketStream.java:75)
	at com.mongodb.internal.connection.SocketStream.open(SocketStream.java:65)
	at com.mongodb.internal.connection.InternalStreamConnection.open(InternalStreamConnection.java:127)
	at com.mongodb.internal.connection.DefaultServerMonitor$ServerMonitorRunnable.run(DefaultServerMonitor.java:117)
	at java.base/java.lang.Thread.run(Thread.java:832)
Caused by: java.net.UnknownHostException: No such host is known (mymongodb)
	at java.base/java.net.Inet6AddressImpl.lookupAllHostAddr(Native Method)
	at java.base/java.net.InetAddress$PlatformNameService.lookupAllHostAddr(InetAddress.java:932)
	at java.base/java.net.InetAddress.getAddressesFromNameService(InetAddress.java:1505)
	at java.base/java.net.InetAddress$NameServiceAddresses.get(InetAddress.java:851)
	at java.base/java.net.InetAddress.getAllByName0(InetAddress.java:1495)
	at java.base/java.net.InetAddress.getAllByName(InetAddress.java:1354)
	at java.base/java.net.InetAddress.getAllByName(InetAddress.java:1288)
	at com.mongodb.ServerAddress.getSocketAddresses(ServerAddress.java:203)
	... 5 common frames omitted
2020-09-20 14:18:36,415 [INFO] org.mongodb.driver.cluster [cluster-ClusterId{value='5f679cf97cbbfc68d76245b5', description='null'}-mymongodb:27017] Exception in monitor thread while connecting to server mymongodb:27017
com.mongodb.MongoSocketException: mymongodb
	at com.mongodb.ServerAddress.getSocketAddresses(ServerAddress.java:211)
	at com.mongodb.internal.connection.SocketStream.initializeSocket(SocketStream.java:75)
	at com.mongodb.internal.connection.SocketStream.open(SocketStream.java:65)
	at com.mongodb.internal.connection.InternalStreamConnection.open(InternalStreamConnection.java:127)
	at com.mongodb.internal.connection.DefaultServerMonitor$ServerMonitorRunnable.run(DefaultServerMonitor.java:117)
	at java.base/java.lang.Thread.run(Thread.java:832)
Caused by: java.net.UnknownHostException: mymongodb
	at java.base/java.net.InetAddress$CachedAddresses.get(InetAddress.java:800)
	at java.base/java.net.InetAddress.getAllByName0(InetAddress.java:1495)
	at java.base/java.net.InetAddress.getAllByName(InetAddress.java:1354)
	at java.base/java.net.InetAddress.getAllByName(InetAddress.java:1288)
	at com.mongodb.ServerAddress.getSocketAddresses(ServerAddress.java:203)
	... 5 common frames omitted
2020-09-20 14:18:48,225 [INFO] org.mongodb.driver.cluster [cluster-ClusterId{value='5f679cf97cbbfc68d76245b5', description='null'}-mymongodb:27017] Exception in monitor thread while connecting to server mymongodb:27017
com.mongodb.MongoSocketException: No such host is known (mymongodb)
	at com.mongodb.ServerAddress.getSocketAddresses(ServerAddress.java:211)
	at com.mongodb.internal.connection.SocketStream.initializeSocket(SocketStream.java:75)
	at com.mongodb.internal.connection.SocketStream.open(SocketStream.java:65)
	at com.mongodb.internal.connection.InternalStreamConnection.open(InternalStreamConnection.java:127)
	at com.mongodb.internal.connection.DefaultServerMonitor$ServerMonitorRunnable.run(DefaultServerMonitor.java:117)
	at java.base/java.lang.Thread.run(Thread.java:832)
Caused by: java.net.UnknownHostException: No such host is known (mymongodb)
	at java.base/java.net.Inet6AddressImpl.lookupAllHostAddr(Native Method)
	at java.base/java.net.InetAddress$PlatformNameService.lookupAllHostAddr(InetAddress.java:932)
	at java.base/java.net.InetAddress.getAddressesFromNameService(InetAddress.java:1505)
	at java.base/java.net.InetAddress$NameServiceAddresses.get(InetAddress.java:851)
	at java.base/java.net.InetAddress.getAllByName0(InetAddress.java:1495)
	at java.base/java.net.InetAddress.getAllByName(InetAddress.java:1354)
	at java.base/java.net.InetAddress.getAllByName(InetAddress.java:1288)
	at com.mongodb.ServerAddress.getSocketAddresses(ServerAddress.java:203)
	... 5 common frames omitted
2020-09-20 14:18:48,726 [INFO] org.mongodb.driver.cluster [cluster-ClusterId{value='5f679cf97cbbfc68d76245b5', description='null'}-mymongodb:27017] Exception in monitor thread while connecting to server mymongodb:27017
com.mongodb.MongoSocketException: mymongodb
	at com.mongodb.ServerAddress.getSocketAddresses(ServerAddress.java:211)
	at com.mongodb.internal.connection.SocketStream.initializeSocket(SocketStream.java:75)
	at com.mongodb.internal.connection.SocketStream.open(SocketStream.java:65)
	at com.mongodb.internal.connection.InternalStreamConnection.open(InternalStreamConnection.java:127)
	at com.mongodb.internal.connection.DefaultServerMonitor$ServerMonitorRunnable.run(DefaultServerMonitor.java:117)
	at java.base/java.lang.Thread.run(Thread.java:832)
Caused by: java.net.UnknownHostException: mymongodb
	at java.base/java.net.InetAddress$CachedAddresses.get(InetAddress.java:800)
	at java.base/java.net.InetAddress.getAllByName0(InetAddress.java:1495)
	at java.base/java.net.InetAddress.getAllByName(InetAddress.java:1354)
	at java.base/java.net.InetAddress.getAllByName(InetAddress.java:1288)
	at com.mongodb.ServerAddress.getSocketAddresses(ServerAddress.java:203)
	... 5 common frames omitted
2020-09-20 14:18:59,563 [INFO] com.jay.rest.controller.SplunkLogGenerator [http-nio-8081-exec-1]  log end point called
2020-09-20 14:19:00,521 [INFO] org.mongodb.driver.cluster [cluster-ClusterId{value='5f679cf97cbbfc68d76245b5', description='null'}-mymongodb:27017] Exception in monitor thread while connecting to server mymongodb:27017
com.mongodb.MongoSocketException: No such host is known (mymongodb)
	at com.mongodb.ServerAddress.getSocketAddresses(ServerAddress.java:211)
	at com.mongodb.internal.connection.SocketStream.initializeSocket(SocketStream.java:75)
	at com.mongodb.internal.connection.SocketStream.open(SocketStream.java:65)
	at com.mongodb.internal.connection.InternalStreamConnection.open(InternalStreamConnection.java:127)
	at com.mongodb.internal.connection.DefaultServerMonitor$ServerMonitorRunnable.run(DefaultServerMonitor.java:117)
	at java.base/java.lang.Thread.run(Thread.java:832)
Caused by: java.net.UnknownHostException: No such host is known (mymongodb)
	at java.base/java.net.Inet6AddressImpl.lookupAllHostAddr(Native Method)
	at java.base/java.net.InetAddress$PlatformNameService.lookupAllHostAddr(InetAddress.java:932)
	at java.base/java.net.InetAddress.getAddressesFromNameService(InetAddress.java:1505)
	at java.base/java.net.InetAddress$NameServiceAddresses.get(InetAddress.java:851)
	at java.base/java.net.InetAddress.getAllByName0(InetAddress.java:1495)
	at java.base/java.net.InetAddress.getAllByName(InetAddress.java:1354)
	at java.base/java.net.InetAddress.getAllByName(InetAddress.java:1288)
	at com.mongodb.ServerAddress.getSocketAddresses(ServerAddress.java:203)
	... 5 common frames omitted
2020-09-20 14:19:01,024 [INFO] org.mongodb.driver.cluster [cluster-ClusterId{value='5f679cf97cbbfc68d76245b5', description='null'}-mymongodb:27017] Exception in monitor thread while connecting to server mymongodb:27017
com.mongodb.MongoSocketException: mymongodb
	at com.mongodb.ServerAddress.getSocketAddresses(ServerAddress.java:211)
	at com.mongodb.internal.connection.SocketStream.initializeSocket(SocketStream.java:75)
	at com.mongodb.internal.connection.SocketStream.open(SocketStream.java:65)
	at com.mongodb.internal.connection.InternalStreamConnection.open(InternalStreamConnection.java:127)
	at com.mongodb.internal.connection.DefaultServerMonitor$ServerMonitorRunnable.run(DefaultServerMonitor.java:117)
	at java.base/java.lang.Thread.run(Thread.java:832)
Caused by: java.net.UnknownHostException: mymongodb
	at java.base/java.net.InetAddress$CachedAddresses.get(InetAddress.java:800)
	at java.base/java.net.InetAddress.getAllByName0(InetAddress.java:1495)
	at java.base/java.net.InetAddress.getAllByName(InetAddress.java:1354)
	at java.base/java.net.InetAddress.getAllByName(InetAddress.java:1288)
	at com.mongodb.ServerAddress.getSocketAddresses(ServerAddress.java:203)
	... 5 common frames omitted
2020-09-20 14:19:04,311 [WARN] org.springframework.boot.actuate.mongo.MongoHealthIndicator [RMI TCP Connection(2)-192.168.1.244] MongoDB health check failed
org.springframework.dao.DataAccessResourceFailureException: Timed out after 30000 ms while waiting to connect. Client view of cluster state is {type=UNKNOWN, servers=[{address=mymongodb:27017, type=UNKNOWN, state=CONNECTING, exception={com.mongodb.MongoSocketException: mymongodb}, caused by {java.net.UnknownHostException: mymongodb}}]; nested exception is com.mongodb.MongoTimeoutException: Timed out after 30000 ms while waiting to connect. Client view of cluster state is {type=UNKNOWN, servers=[{address=mymongodb:27017, type=UNKNOWN, state=CONNECTING, exception={com.mongodb.MongoSocketException: mymongodb}, caused by {java.net.UnknownHostException: mymongodb}}]
	at org.springframework.data.mongodb.core.MongoExceptionTranslator.translateExceptionIfPossible(MongoExceptionTranslator.java:88)
	at org.springframework.data.mongodb.core.MongoTemplate.potentiallyConvertRuntimeException(MongoTemplate.java:2874)
	at org.springframework.data.mongodb.core.MongoTemplate.execute(MongoTemplate.java:541)
	at org.springframework.data.mongodb.core.MongoTemplate.executeCommand(MongoTemplate.java:457)
	at org.springframework.boot.actuate.mongo.MongoHealthIndicator.doHealthCheck(MongoHealthIndicator.java:46)
	at org.springframework.boot.actuate.health.AbstractHealthIndicator.health(AbstractHealthIndicator.java:82)
	at org.springframework.boot.actuate.health.HealthIndicator.getHealth(HealthIndicator.java:37)
	at org.springframework.boot.actuate.health.HealthEndpoint.getHealth(HealthEndpoint.java:71)
	at org.springframework.boot.actuate.health.HealthEndpoint.getHealth(HealthEndpoint.java:39)
	at org.springframework.boot.actuate.health.HealthEndpointSupport.getContribution(HealthEndpointSupport.java:99)
	at org.springframework.boot.actuate.health.HealthEndpointSupport.getAggregateHealth(HealthEndpointSupport.java:110)
	at org.springframework.boot.actuate.health.HealthEndpointSupport.getContribution(HealthEndpointSupport.java:96)
	at org.springframework.boot.actuate.health.HealthEndpointSupport.getHealth(HealthEndpointSupport.java:74)
	at org.springframework.boot.actuate.health.HealthEndpointSupport.getHealth(HealthEndpointSupport.java:61)
	at org.springframework.boot.actuate.health.HealthEndpoint.health(HealthEndpoint.java:65)
	at org.springframework.boot.actuate.health.HealthEndpoint.health(HealthEndpoint.java:55)
	at java.base/jdk.internal.reflect.NativeMethodAccessorImpl.invoke0(Native Method)
	at java.base/jdk.internal.reflect.NativeMethodAccessorImpl.invoke(NativeMethodAccessorImpl.java:62)
	at java.base/jdk.internal.reflect.DelegatingMethodAccessorImpl.invoke(DelegatingMethodAccessorImpl.java:43)
	at java.base/java.lang.reflect.Method.invoke(Method.java:564)
	at org.springframework.util.ReflectionUtils.invokeMethod(ReflectionUtils.java:282)
	at org.springframework.boot.actuate.endpoint.invoke.reflect.ReflectiveOperationInvoker.invoke(ReflectiveOperationInvoker.java:77)
	at org.springframework.boot.actuate.endpoint.annotation.AbstractDiscoveredOperation.invoke(AbstractDiscoveredOperation.java:60)
	at org.springframework.boot.actuate.endpoint.jmx.EndpointMBean.invoke(EndpointMBean.java:121)
	at org.springframework.boot.actuate.endpoint.jmx.EndpointMBean.invoke(EndpointMBean.java:96)
	at java.management/com.sun.jmx.interceptor.DefaultMBeanServerInterceptor.invoke(DefaultMBeanServerInterceptor.java:809)
	at java.management/com.sun.jmx.mbeanserver.JmxMBeanServer.invoke(JmxMBeanServer.java:801)
	at java.management.rmi/javax.management.remote.rmi.RMIConnectionImpl.doOperation(RMIConnectionImpl.java:1466)
	at java.management.rmi/javax.management.remote.rmi.RMIConnectionImpl$PrivilegedOperation.run(RMIConnectionImpl.java:1307)
	at java.management.rmi/javax.management.remote.rmi.RMIConnectionImpl.doPrivilegedOperation(RMIConnectionImpl.java:1399)
	at java.management.rmi/javax.management.remote.rmi.RMIConnectionImpl.invoke(RMIConnectionImpl.java:827)
	at java.base/jdk.internal.reflect.GeneratedMethodAccessor53.invoke(Unknown Source)
	at java.base/jdk.internal.reflect.DelegatingMethodAccessorImpl.invoke(DelegatingMethodAccessorImpl.java:43)
	at java.base/java.lang.reflect.Method.invoke(Method.java:564)
	at java.rmi/sun.rmi.server.UnicastServerRef.dispatch(UnicastServerRef.java:359)
	at java.rmi/sun.rmi.transport.Transport$1.run(Transport.java:200)
	at java.rmi/sun.rmi.transport.Transport$1.run(Transport.java:197)
	at java.base/java.security.AccessController.doPrivileged(AccessController.java:691)
	at java.rmi/sun.rmi.transport.Transport.serviceCall(Transport.java:196)
	at java.rmi/sun.rmi.transport.tcp.TCPTransport.handleMessages(TCPTransport.java:587)
	at java.rmi/sun.rmi.transport.tcp.TCPTransport$ConnectionHandler.run0(TCPTransport.java:828)
	at java.rmi/sun.rmi.transport.tcp.TCPTransport$ConnectionHandler.lambda$run$0(TCPTransport.java:705)
	at java.base/java.security.AccessController.doPrivileged(AccessController.java:391)
	at java.rmi/sun.rmi.transport.tcp.TCPTransport$ConnectionHandler.run(TCPTransport.java:704)
	at java.base/java.util.concurrent.ThreadPoolExecutor.runWorker(ThreadPoolExecutor.java:1130)
	at java.base/java.util.concurrent.ThreadPoolExecutor$Worker.run(ThreadPoolExecutor.java:630)
	at java.base/java.lang.Thread.run(Thread.java:832)
Caused by: com.mongodb.MongoTimeoutException: Timed out after 30000 ms while waiting to connect. Client view of cluster state is {type=UNKNOWN, servers=[{address=mymongodb:27017, type=UNKNOWN, state=CONNECTING, exception={com.mongodb.MongoSocketException: mymongodb}, caused by {java.net.UnknownHostException: mymongodb}}]
	at com.mongodb.internal.connection.BaseCluster.getDescription(BaseCluster.java:177)
	at com.mongodb.internal.connection.SingleServerCluster.getDescription(SingleServerCluster.java:41)
	at com.mongodb.client.internal.MongoClientDelegate.getConnectedClusterDescription(MongoClientDelegate.java:147)
	at com.mongodb.client.internal.MongoClientDelegate.createClientSession(MongoClientDelegate.java:98)
	at com.mongodb.client.internal.MongoClientDelegate$DelegateOperationExecutor.getClientSession(MongoClientDelegate.java:278)
	at com.mongodb.client.internal.MongoClientDelegate$DelegateOperationExecutor.execute(MongoClientDelegate.java:182)
	at com.mongodb.client.internal.MongoDatabaseImpl.executeCommand(MongoDatabaseImpl.java:194)
	at com.mongodb.client.internal.MongoDatabaseImpl.runCommand(MongoDatabaseImpl.java:163)
	at com.mongodb.client.internal.MongoDatabaseImpl.runCommand(MongoDatabaseImpl.java:158)
	at org.springframework.data.mongodb.core.MongoTemplate.lambda$executeCommand$2(MongoTemplate.java:457)
	at org.springframework.data.mongodb.core.MongoTemplate.execute(MongoTemplate.java:539)
	... 44 common frames omitted
2020-09-20 14:19:16,841 [INFO] org.mongodb.driver.cluster [cluster-ClusterId{value='5f679cf97cbbfc68d76245b5', description='null'}-mymongodb:27017] Exception in monitor thread while connecting to server mymongodb:27017
com.mongodb.MongoSocketException: No such host is known (mymongodb)
	at com.mongodb.ServerAddress.getSocketAddresses(ServerAddress.java:211)
	at com.mongodb.internal.connection.SocketStream.initializeSocket(SocketStream.java:75)
	at com.mongodb.internal.connection.SocketStream.open(SocketStream.java:65)
	at com.mongodb.internal.connection.InternalStreamConnection.open(InternalStreamConnection.java:127)
	at com.mongodb.internal.connection.DefaultServerMonitor$ServerMonitorRunnable.run(DefaultServerMonitor.java:117)
	at java.base/java.lang.Thread.run(Thread.java:832)
Caused by: java.net.UnknownHostException: No such host is known (mymongodb)
	at java.base/java.net.Inet6AddressImpl.lookupAllHostAddr(Native Method)
	at java.base/java.net.InetAddress$PlatformNameService.lookupAllHostAddr(InetAddress.java:932)
	at java.base/java.net.InetAddress.getAddressesFromNameService(InetAddress.java:1505)
	at java.base/java.net.InetAddress$NameServiceAddresses.get(InetAddress.java:851)
	at java.base/java.net.InetAddress.getAllByName0(InetAddress.java:1495)
	at java.base/java.net.InetAddress.getAllByName(InetAddress.java:1354)
	at java.base/java.net.InetAddress.getAllByName(InetAddress.java:1288)
	at com.mongodb.ServerAddress.getSocketAddresses(ServerAddress.java:203)
	... 5 common frames omitted
2020-09-20 14:19:30,418 [INFO] com.jay.rest.controller.SplunkLogGenerator [http-nio-8081-exec-3]  log end point called
2020-09-20 14:29:59,045 [INFO] org.springframework.scheduling.concurrent.ThreadPoolTaskExecutor [SpringContextShutdownHook] Shutting down ExecutorService 'applicationTaskExecutor'
2020-09-20 15:40:13,831 [INFO] com.jay.rest.RestApplicationTests [main] Starting RestApplicationTests on Xps-Jay with PID 16624 (started by jpate in C:\Users\jpate\IdeaProjects\RestUtil)
2020-09-20 15:40:13,832 [INFO] com.jay.rest.RestApplicationTests [main] No active profile set, falling back to default profiles: default
2020-09-20 15:40:14,583 [INFO] org.springframework.data.repository.config.RepositoryConfigurationDelegate [main] Bootstrapping Spring Data MongoDB repositories in DEFAULT mode.
2020-09-20 15:40:14,748 [INFO] org.springframework.data.repository.config.RepositoryConfigurationDelegate [main] Finished Spring Data repository scanning in 160ms. Found 1 MongoDB repository interfaces.
2020-09-20 15:40:14,953 [INFO] org.springframework.context.support.PostProcessorRegistrationDelegate$BeanPostProcessorChecker [main] Bean 'org.springframework.ws.config.annotation.DelegatingWsConfiguration' of type [org.springframework.ws.config.annotation.DelegatingWsConfiguration$$EnhancerBySpringCGLIB$$5247c0cc] is not eligible for getting processed by all BeanPostProcessors (for example: not eligible for auto-proxying)
2020-09-20 15:40:15,006 [INFO] org.springframework.ws.soap.addressing.server.AnnotationActionEndpointMapping [main] Supporting [WS-Addressing August 2004, WS-Addressing 1.0]
2020-09-20 15:40:15,236 [INFO] org.mongodb.driver.cluster [main] Cluster created with settings {hosts=[mymongodb:27017], mode=SINGLE, requiredClusterType=UNKNOWN, serverSelectionTimeout='30000 ms'}
2020-09-20 15:40:16,068 [INFO] org.springframework.scheduling.concurrent.ThreadPoolTaskExecutor [main] Initializing ExecutorService 'applicationTaskExecutor'
2020-09-20 15:40:16,630 [INFO] org.springframework.boot.actuate.endpoint.web.EndpointLinksResolver [main] Exposing 2 endpoint(s) beneath base path '/actuator'
2020-09-20 15:40:16,684 [INFO] com.jay.rest.RestApplicationTests [main] Started RestApplicationTests in 3.079 seconds (JVM running for 3.826)
2020-09-20 15:40:17,248 [INFO] org.springframework.scheduling.concurrent.ThreadPoolTaskExecutor [SpringContextShutdownHook] Shutting down ExecutorService 'applicationTaskExecutor'
2020-09-20 15:41:51,721 [INFO] com.jay.rest.RestApplicationTests [main] Starting RestApplicationTests on Xps-Jay with PID 19540 (started by jpate in C:\Users\jpate\IdeaProjects\RestUtil)
2020-09-20 15:41:51,722 [INFO] com.jay.rest.RestApplicationTests [main] No active profile set, falling back to default profiles: default
2020-09-20 15:41:52,525 [INFO] org.springframework.data.repository.config.RepositoryConfigurationDelegate [main] Bootstrapping Spring Data MongoDB repositories in DEFAULT mode.
2020-09-20 15:41:52,672 [INFO] org.springframework.data.repository.config.RepositoryConfigurationDelegate [main] Finished Spring Data repository scanning in 142ms. Found 1 MongoDB repository interfaces.
2020-09-20 15:41:52,874 [INFO] org.springframework.context.support.PostProcessorRegistrationDelegate$BeanPostProcessorChecker [main] Bean 'org.springframework.ws.config.annotation.DelegatingWsConfiguration' of type [org.springframework.ws.config.annotation.DelegatingWsConfiguration$$EnhancerBySpringCGLIB$$5247c0cc] is not eligible for getting processed by all BeanPostProcessors (for example: not eligible for auto-proxying)
2020-09-20 15:41:52,924 [INFO] org.springframework.ws.soap.addressing.server.AnnotationActionEndpointMapping [main] Supporting [WS-Addressing August 2004, WS-Addressing 1.0]
2020-09-20 15:41:53,170 [INFO] org.mongodb.driver.cluster [main] Cluster created with settings {hosts=[mymongodb:27017], mode=SINGLE, requiredClusterType=UNKNOWN, serverSelectionTimeout='30000 ms'}
2020-09-20 15:41:54,071 [INFO] org.springframework.scheduling.concurrent.ThreadPoolTaskExecutor [main] Initializing ExecutorService 'applicationTaskExecutor'
2020-09-20 15:41:54,687 [INFO] org.springframework.boot.actuate.endpoint.web.EndpointLinksResolver [main] Exposing 2 endpoint(s) beneath base path '/actuator'
2020-09-20 15:41:54,740 [INFO] com.jay.rest.RestApplicationTests [main] Started RestApplicationTests in 3.254 seconds (JVM running for 4.025)
2020-09-20 15:41:55,278 [INFO] org.springframework.scheduling.concurrent.ThreadPoolTaskExecutor [SpringContextShutdownHook] Shutting down ExecutorService 'applicationTaskExecutor'
2020-09-20 15:42:48,571 [INFO] com.jay.rest.RestApplicationTests [main] Starting RestApplicationTests on Xps-Jay with PID 21756 (started by jpate in C:\Users\jpate\IdeaProjects\RestUtil)
2020-09-20 15:42:48,572 [INFO] com.jay.rest.RestApplicationTests [main] No active profile set, falling back to default profiles: default
2020-09-20 15:42:49,326 [INFO] org.springframework.data.repository.config.RepositoryConfigurationDelegate [main] Bootstrapping Spring Data MongoDB repositories in DEFAULT mode.
2020-09-20 15:42:49,466 [INFO] org.springframework.data.repository.config.RepositoryConfigurationDelegate [main] Finished Spring Data repository scanning in 135ms. Found 1 MongoDB repository interfaces.
2020-09-20 15:42:49,659 [INFO] org.springframework.context.support.PostProcessorRegistrationDelegate$BeanPostProcessorChecker [main] Bean 'org.springframework.ws.config.annotation.DelegatingWsConfiguration' of type [org.springframework.ws.config.annotation.DelegatingWsConfiguration$$EnhancerBySpringCGLIB$$5247c0cc] is not eligible for getting processed by all BeanPostProcessors (for example: not eligible for auto-proxying)
2020-09-20 15:42:49,707 [INFO] org.springframework.ws.soap.addressing.server.AnnotationActionEndpointMapping [main] Supporting [WS-Addressing August 2004, WS-Addressing 1.0]
2020-09-20 15:42:49,935 [INFO] org.mongodb.driver.cluster [main] Cluster created with settings {hosts=[mymongodb:27017], mode=SINGLE, requiredClusterType=UNKNOWN, serverSelectionTimeout='30000 ms'}
2020-09-20 15:42:50,750 [INFO] org.springframework.scheduling.concurrent.ThreadPoolTaskExecutor [main] Initializing ExecutorService 'applicationTaskExecutor'
2020-09-20 15:42:51,337 [INFO] org.springframework.boot.actuate.endpoint.web.EndpointLinksResolver [main] Exposing 2 endpoint(s) beneath base path '/actuator'
2020-09-20 15:42:51,396 [INFO] com.jay.rest.RestApplicationTests [main] Started RestApplicationTests in 3.049 seconds (JVM running for 3.782)
2020-09-20 15:42:51,905 [INFO] org.springframework.scheduling.concurrent.ThreadPoolTaskExecutor [SpringContextShutdownHook] Shutting down ExecutorService 'applicationTaskExecutor'
2020-09-20 15:44:18,203 [INFO] com.jay.rest.RestApplicationTests [main] Starting RestApplicationTests on Xps-Jay with PID 20172 (started by jpate in C:\Users\jpate\IdeaProjects\RestUtil)
2020-09-20 15:44:18,204 [INFO] com.jay.rest.RestApplicationTests [main] No active profile set, falling back to default profiles: default
2020-09-20 15:44:18,983 [INFO] org.springframework.data.repository.config.RepositoryConfigurationDelegate [main] Bootstrapping Spring Data MongoDB repositories in DEFAULT mode.
2020-09-20 15:44:19,129 [INFO] org.springframework.data.repository.config.RepositoryConfigurationDelegate [main] Finished Spring Data repository scanning in 141ms. Found 1 MongoDB repository interfaces.
2020-09-20 15:44:19,328 [INFO] org.springframework.context.support.PostProcessorRegistrationDelegate$BeanPostProcessorChecker [main] Bean 'org.springframework.ws.config.annotation.DelegatingWsConfiguration' of type [org.springframework.ws.config.annotation.DelegatingWsConfiguration$$EnhancerBySpringCGLIB$$5247c0cc] is not eligible for getting processed by all BeanPostProcessors (for example: not eligible for auto-proxying)
2020-09-20 15:44:19,377 [INFO] org.springframework.ws.soap.addressing.server.AnnotationActionEndpointMapping [main] Supporting [WS-Addressing August 2004, WS-Addressing 1.0]
2020-09-20 15:44:19,608 [INFO] org.mongodb.driver.cluster [main] Cluster created with settings {hosts=[mymongodb:27017], mode=SINGLE, requiredClusterType=UNKNOWN, serverSelectionTimeout='30000 ms'}
2020-09-20 15:44:20,456 [INFO] org.springframework.scheduling.concurrent.ThreadPoolTaskExecutor [main] Initializing ExecutorService 'applicationTaskExecutor'
2020-09-20 15:44:21,059 [INFO] org.springframework.boot.actuate.endpoint.web.EndpointLinksResolver [main] Exposing 2 endpoint(s) beneath base path '/actuator'
2020-09-20 15:44:21,118 [INFO] com.jay.rest.RestApplicationTests [main] Started RestApplicationTests in 3.125 seconds (JVM running for 3.777)
2020-09-20 15:44:21,616 [INFO] org.springframework.scheduling.concurrent.ThreadPoolTaskExecutor [SpringContextShutdownHook] Shutting down ExecutorService 'applicationTaskExecutor'
2020-09-20 15:50:04,551 [INFO] com.jay.rest.RestApplicationTests [main] Starting RestApplicationTests on Xps-Jay with PID 5448 (started by jpate in C:\Users\jpate\IdeaProjects\RestUtil)
2020-09-20 15:50:04,551 [INFO] com.jay.rest.RestApplicationTests [main] No active profile set, falling back to default profiles: default
2020-09-20 15:50:05,333 [INFO] org.springframework.data.repository.config.RepositoryConfigurationDelegate [main] Bootstrapping Spring Data MongoDB repositories in DEFAULT mode.
2020-09-20 15:50:05,477 [INFO] org.springframework.data.repository.config.RepositoryConfigurationDelegate [main] Finished Spring Data repository scanning in 139ms. Found 1 MongoDB repository interfaces.
2020-09-20 15:50:05,678 [INFO] org.springframework.context.support.PostProcessorRegistrationDelegate$BeanPostProcessorChecker [main] Bean 'org.springframework.ws.config.annotation.DelegatingWsConfiguration' of type [org.springframework.ws.config.annotation.DelegatingWsConfiguration$$EnhancerBySpringCGLIB$$5247c0cc] is not eligible for getting processed by all BeanPostProcessors (for example: not eligible for auto-proxying)
2020-09-20 15:50:05,729 [INFO] org.springframework.ws.soap.addressing.server.AnnotationActionEndpointMapping [main] Supporting [WS-Addressing August 2004, WS-Addressing 1.0]
2020-09-20 15:50:05,970 [INFO] org.mongodb.driver.cluster [main] Cluster created with settings {hosts=[mymongodb:27017], mode=SINGLE, requiredClusterType=UNKNOWN, serverSelectionTimeout='30000 ms'}
2020-09-20 15:50:06,824 [INFO] org.springframework.scheduling.concurrent.ThreadPoolTaskExecutor [main] Initializing ExecutorService 'applicationTaskExecutor'
2020-09-20 15:50:07,426 [INFO] org.springframework.boot.actuate.endpoint.web.EndpointLinksResolver [main] Exposing 2 endpoint(s) beneath base path '/actuator'
2020-09-20 15:50:07,485 [INFO] com.jay.rest.RestApplicationTests [main] Started RestApplicationTests in 3.159 seconds (JVM running for 3.904)
2020-09-20 15:50:07,975 [INFO] org.springframework.scheduling.concurrent.ThreadPoolTaskExecutor [SpringContextShutdownHook] Shutting down ExecutorService 'applicationTaskExecutor'
2020-09-20 15:51:08,186 [INFO] com.jay.rest.RestApplicationTests [main] Starting RestApplicationTests on Xps-Jay with PID 20296 (started by jpate in C:\Users\jpate\IdeaProjects\RestUtil)
2020-09-20 15:51:08,187 [INFO] com.jay.rest.RestApplicationTests [main] No active profile set, falling back to default profiles: default
2020-09-20 15:51:08,965 [INFO] org.springframework.data.repository.config.RepositoryConfigurationDelegate [main] Bootstrapping Spring Data MongoDB repositories in DEFAULT mode.
2020-09-20 15:51:09,110 [INFO] org.springframework.data.repository.config.RepositoryConfigurationDelegate [main] Finished Spring Data repository scanning in 139ms. Found 1 MongoDB repository interfaces.
2020-09-20 15:51:09,308 [INFO] org.springframework.context.support.PostProcessorRegistrationDelegate$BeanPostProcessorChecker [main] Bean 'org.springframework.ws.config.annotation.DelegatingWsConfiguration' of type [org.springframework.ws.config.annotation.DelegatingWsConfiguration$$EnhancerBySpringCGLIB$$5247c0cc] is not eligible for getting processed by all BeanPostProcessors (for example: not eligible for auto-proxying)
2020-09-20 15:51:09,357 [INFO] org.springframework.ws.soap.addressing.server.AnnotationActionEndpointMapping [main] Supporting [WS-Addressing August 2004, WS-Addressing 1.0]
2020-09-20 15:51:09,590 [INFO] org.mongodb.driver.cluster [main] Cluster created with settings {hosts=[mymongodb:27017], mode=SINGLE, requiredClusterType=UNKNOWN, serverSelectionTimeout='30000 ms'}
2020-09-20 15:51:10,444 [INFO] org.springframework.scheduling.concurrent.ThreadPoolTaskExecutor [main] Initializing ExecutorService 'applicationTaskExecutor'
2020-09-20 15:51:11,021 [INFO] org.springframework.boot.actuate.endpoint.web.EndpointLinksResolver [main] Exposing 2 endpoint(s) beneath base path '/actuator'
2020-09-20 15:51:11,075 [INFO] com.jay.rest.RestApplicationTests [main] Started RestApplicationTests in 3.122 seconds (JVM running for 3.875)
2020-09-20 15:51:11,576 [INFO] org.springframework.scheduling.concurrent.ThreadPoolTaskExecutor [SpringContextShutdownHook] Shutting down ExecutorService 'applicationTaskExecutor'
2020-09-20 15:51:35,616 [INFO] com.jay.rest.RestApplicationTests [main] Starting RestApplicationTests on Xps-Jay with PID 19900 (started by jpate in C:\Users\jpate\IdeaProjects\RestUtil)
2020-09-20 15:51:35,617 [INFO] com.jay.rest.RestApplicationTests [main] No active profile set, falling back to default profiles: default
2020-09-20 15:51:36,414 [INFO] org.springframework.data.repository.config.RepositoryConfigurationDelegate [main] Bootstrapping Spring Data MongoDB repositories in DEFAULT mode.
2020-09-20 15:51:36,562 [INFO] org.springframework.data.repository.config.RepositoryConfigurationDelegate [main] Finished Spring Data repository scanning in 143ms. Found 1 MongoDB repository interfaces.
2020-09-20 15:51:36,766 [INFO] org.springframework.context.support.PostProcessorRegistrationDelegate$BeanPostProcessorChecker [main] Bean 'org.springframework.ws.config.annotation.DelegatingWsConfiguration' of type [org.springframework.ws.config.annotation.DelegatingWsConfiguration$$EnhancerBySpringCGLIB$$5247c0cc] is not eligible for getting processed by all BeanPostProcessors (for example: not eligible for auto-proxying)
2020-09-20 15:51:36,815 [INFO] org.springframework.ws.soap.addressing.server.AnnotationActionEndpointMapping [main] Supporting [WS-Addressing August 2004, WS-Addressing 1.0]
2020-09-20 15:51:37,044 [INFO] org.mongodb.driver.cluster [main] Cluster created with settings {hosts=[mymongodb:27017], mode=SINGLE, requiredClusterType=UNKNOWN, serverSelectionTimeout='30000 ms'}
2020-09-20 15:51:37,907 [INFO] org.springframework.scheduling.concurrent.ThreadPoolTaskExecutor [main] Initializing ExecutorService 'applicationTaskExecutor'
2020-09-20 15:51:38,492 [INFO] org.springframework.boot.actuate.endpoint.web.EndpointLinksResolver [main] Exposing 2 endpoint(s) beneath base path '/actuator'
2020-09-20 15:51:38,545 [INFO] com.jay.rest.RestApplicationTests [main] Started RestApplicationTests in 3.171 seconds (JVM running for 3.941)
2020-09-20 15:51:39,039 [INFO] org.springframework.scheduling.concurrent.ThreadPoolTaskExecutor [SpringContextShutdownHook] Shutting down ExecutorService 'applicationTaskExecutor'
2020-09-20 15:53:30,782 [INFO] com.jay.rest.RestApplicationTests [main] Starting RestApplicationTests on Xps-Jay with PID 3416 (started by jpate in C:\Users\jpate\IdeaProjects\RestUtil)
2020-09-20 15:53:30,783 [INFO] com.jay.rest.RestApplicationTests [main] No active profile set, falling back to default profiles: default
2020-09-20 15:53:31,579 [INFO] org.springframework.data.repository.config.RepositoryConfigurationDelegate [main] Bootstrapping Spring Data MongoDB repositories in DEFAULT mode.
2020-09-20 15:53:31,736 [INFO] org.springframework.data.repository.config.RepositoryConfigurationDelegate [main] Finished Spring Data repository scanning in 151ms. Found 1 MongoDB repository interfaces.
2020-09-20 15:53:31,942 [INFO] org.springframework.context.support.PostProcessorRegistrationDelegate$BeanPostProcessorChecker [main] Bean 'org.springframework.ws.config.annotation.DelegatingWsConfiguration' of type [org.springframework.ws.config.annotation.DelegatingWsConfiguration$$EnhancerBySpringCGLIB$$5247c0cc] is not eligible for getting processed by all BeanPostProcessors (for example: not eligible for auto-proxying)
2020-09-20 15:53:31,998 [INFO] org.springframework.ws.soap.addressing.server.AnnotationActionEndpointMapping [main] Supporting [WS-Addressing August 2004, WS-Addressing 1.0]
2020-09-20 15:53:32,244 [INFO] org.mongodb.driver.cluster [main] Cluster created with settings {hosts=[mymongodb:27017], mode=SINGLE, requiredClusterType=UNKNOWN, serverSelectionTimeout='30000 ms'}
2020-09-20 15:53:33,135 [INFO] org.springframework.scheduling.concurrent.ThreadPoolTaskExecutor [main] Initializing ExecutorService 'applicationTaskExecutor'
2020-09-20 15:53:33,771 [INFO] org.springframework.boot.actuate.endpoint.web.EndpointLinksResolver [main] Exposing 2 endpoint(s) beneath base path '/actuator'
2020-09-20 15:53:33,835 [INFO] com.jay.rest.RestApplicationTests [main] Started RestApplicationTests in 3.283 seconds (JVM running for 4.05)
2020-09-20 15:53:34,393 [INFO] org.springframework.scheduling.concurrent.ThreadPoolTaskExecutor [SpringContextShutdownHook] Shutting down ExecutorService 'applicationTaskExecutor'
2020-09-20 15:54:35,686 [INFO] com.jay.rest.RestApplicationTests [main] Starting RestApplicationTests on Xps-Jay with PID 21684 (started by jpate in C:\Users\jpate\IdeaProjects\RestUtil)
2020-09-20 15:54:35,687 [INFO] com.jay.rest.RestApplicationTests [main] No active profile set, falling back to default profiles: default
2020-09-20 15:54:36,534 [INFO] org.springframework.data.repository.config.RepositoryConfigurationDelegate [main] Bootstrapping Spring Data MongoDB repositories in DEFAULT mode.
2020-09-20 15:54:36,680 [INFO] org.springframework.data.repository.config.RepositoryConfigurationDelegate [main] Finished Spring Data repository scanning in 141ms. Found 1 MongoDB repository interfaces.
2020-09-20 15:54:36,879 [INFO] org.springframework.context.support.PostProcessorRegistrationDelegate$BeanPostProcessorChecker [main] Bean 'org.springframework.ws.config.annotation.DelegatingWsConfiguration' of type [org.springframework.ws.config.annotation.DelegatingWsConfiguration$$EnhancerBySpringCGLIB$$5247c0cc] is not eligible for getting processed by all BeanPostProcessors (for example: not eligible for auto-proxying)
2020-09-20 15:54:36,931 [INFO] org.springframework.ws.soap.addressing.server.AnnotationActionEndpointMapping [main] Supporting [WS-Addressing August 2004, WS-Addressing 1.0]
2020-09-20 15:54:37,155 [INFO] org.mongodb.driver.cluster [main] Cluster created with settings {hosts=[mymongodb:27017], mode=SINGLE, requiredClusterType=UNKNOWN, serverSelectionTimeout='30000 ms'}
2020-09-20 15:54:38,057 [INFO] org.springframework.scheduling.concurrent.ThreadPoolTaskExecutor [main] Initializing ExecutorService 'applicationTaskExecutor'
2020-09-20 15:54:38,678 [INFO] org.springframework.boot.actuate.endpoint.web.EndpointLinksResolver [main] Exposing 2 endpoint(s) beneath base path '/actuator'
2020-09-20 15:54:38,734 [INFO] com.jay.rest.RestApplicationTests [main] Started RestApplicationTests in 3.274 seconds (JVM running for 4.048)
2020-09-20 15:54:39,289 [INFO] org.springframework.scheduling.concurrent.ThreadPoolTaskExecutor [SpringContextShutdownHook] Shutting down ExecutorService 'applicationTaskExecutor'
2020-09-20 15:55:50,629 [INFO] com.jay.rest.RestApplicationTests [main] Starting RestApplicationTests on Xps-Jay with PID 1904 (started by jpate in C:\Users\jpate\IdeaProjects\RestUtil)
2020-09-20 15:55:50,631 [INFO] com.jay.rest.RestApplicationTests [main] No active profile set, falling back to default profiles: default
2020-09-20 15:55:51,488 [INFO] org.springframework.data.repository.config.RepositoryConfigurationDelegate [main] Bootstrapping Spring Data MongoDB repositories in DEFAULT mode.
2020-09-20 15:55:51,651 [INFO] org.springframework.data.repository.config.RepositoryConfigurationDelegate [main] Finished Spring Data repository scanning in 157ms. Found 1 MongoDB repository interfaces.
2020-09-20 15:55:51,866 [INFO] org.springframework.context.support.PostProcessorRegistrationDelegate$BeanPostProcessorChecker [main] Bean 'org.springframework.ws.config.annotation.DelegatingWsConfiguration' of type [org.springframework.ws.config.annotation.DelegatingWsConfiguration$$EnhancerBySpringCGLIB$$5247c0cc] is not eligible for getting processed by all BeanPostProcessors (for example: not eligible for auto-proxying)
2020-09-20 15:55:51,918 [INFO] org.springframework.ws.soap.addressing.server.AnnotationActionEndpointMapping [main] Supporting [WS-Addressing August 2004, WS-Addressing 1.0]
2020-09-20 15:55:52,187 [INFO] org.mongodb.driver.cluster [main] Cluster created with settings {hosts=[mymongodb:27017], mode=SINGLE, requiredClusterType=UNKNOWN, serverSelectionTimeout='30000 ms'}
2020-09-20 15:55:53,106 [INFO] org.springframework.scheduling.concurrent.ThreadPoolTaskExecutor [main] Initializing ExecutorService 'applicationTaskExecutor'
2020-09-20 15:55:53,796 [INFO] org.springframework.boot.actuate.endpoint.web.EndpointLinksResolver [main] Exposing 2 endpoint(s) beneath base path '/actuator'
2020-09-20 15:55:53,854 [INFO] com.jay.rest.RestApplicationTests [main] Started RestApplicationTests in 3.479 seconds (JVM running for 4.31)
2020-09-20 15:55:54,440 [INFO] org.springframework.scheduling.concurrent.ThreadPoolTaskExecutor [SpringContextShutdownHook] Shutting down ExecutorService 'applicationTaskExecutor'
2020-09-20 15:56:18,557 [INFO] com.jay.rest.RestApplicationTests [main] Starting RestApplicationTests on Xps-Jay with PID 20676 (started by jpate in C:\Users\jpate\IdeaProjects\RestUtil)
2020-09-20 15:56:18,558 [INFO] com.jay.rest.RestApplicationTests [main] No active profile set, falling back to default profiles: default
2020-09-20 15:56:19,364 [INFO] org.springframework.data.repository.config.RepositoryConfigurationDelegate [main] Bootstrapping Spring Data MongoDB repositories in DEFAULT mode.
2020-09-20 15:56:19,514 [INFO] org.springframework.data.repository.config.RepositoryConfigurationDelegate [main] Finished Spring Data repository scanning in 145ms. Found 1 MongoDB repository interfaces.
2020-09-20 15:56:19,721 [INFO] org.springframework.context.support.PostProcessorRegistrationDelegate$BeanPostProcessorChecker [main] Bean 'org.springframework.ws.config.annotation.DelegatingWsConfiguration' of type [org.springframework.ws.config.annotation.DelegatingWsConfiguration$$EnhancerBySpringCGLIB$$5247c0cc] is not eligible for getting processed by all BeanPostProcessors (for example: not eligible for auto-proxying)
2020-09-20 15:56:19,773 [INFO] org.springframework.ws.soap.addressing.server.AnnotationActionEndpointMapping [main] Supporting [WS-Addressing August 2004, WS-Addressing 1.0]
2020-09-20 15:56:20,017 [INFO] org.mongodb.driver.cluster [main] Cluster created with settings {hosts=[mymongodb:27017], mode=SINGLE, requiredClusterType=UNKNOWN, serverSelectionTimeout='30000 ms'}
2020-09-20 15:56:20,901 [INFO] org.springframework.scheduling.concurrent.ThreadPoolTaskExecutor [main] Initializing ExecutorService 'applicationTaskExecutor'
2020-09-20 15:56:21,511 [INFO] org.springframework.boot.actuate.endpoint.web.EndpointLinksResolver [main] Exposing 2 endpoint(s) beneath base path '/actuator'
2020-09-20 15:56:21,566 [INFO] com.jay.rest.RestApplicationTests [main] Started RestApplicationTests in 3.245 seconds (JVM running for 4.013)
2020-09-20 15:56:22,074 [INFO] org.springframework.scheduling.concurrent.ThreadPoolTaskExecutor [SpringContextShutdownHook] Shutting down ExecutorService 'applicationTaskExecutor'
2020-09-20 15:56:40,867 [INFO] com.jay.rest.RestApplicationTests [main] Starting RestApplicationTests on Xps-Jay with PID 15988 (started by jpate in C:\Users\jpate\IdeaProjects\RestUtil)
2020-09-20 15:56:40,868 [INFO] com.jay.rest.RestApplicationTests [main] No active profile set, falling back to default profiles: default
2020-09-20 15:56:41,656 [INFO] org.springframework.data.repository.config.RepositoryConfigurationDelegate [main] Bootstrapping Spring Data MongoDB repositories in DEFAULT mode.
2020-09-20 15:56:41,800 [INFO] org.springframework.data.repository.config.RepositoryConfigurationDelegate [main] Finished Spring Data repository scanning in 139ms. Found 1 MongoDB repository interfaces.
2020-09-20 15:56:42,012 [INFO] org.springframework.context.support.PostProcessorRegistrationDelegate$BeanPostProcessorChecker [main] Bean 'org.springframework.ws.config.annotation.DelegatingWsConfiguration' of type [org.springframework.ws.config.annotation.DelegatingWsConfiguration$$EnhancerBySpringCGLIB$$5247c0cc] is not eligible for getting processed by all BeanPostProcessors (for example: not eligible for auto-proxying)
2020-09-20 15:56:42,062 [INFO] org.springframework.ws.soap.addressing.server.AnnotationActionEndpointMapping [main] Supporting [WS-Addressing August 2004, WS-Addressing 1.0]
2020-09-20 15:56:42,300 [INFO] org.mongodb.driver.cluster [main] Cluster created with settings {hosts=[mymongodb:27017], mode=SINGLE, requiredClusterType=UNKNOWN, serverSelectionTimeout='30000 ms'}
2020-09-20 15:56:43,178 [INFO] org.springframework.scheduling.concurrent.ThreadPoolTaskExecutor [main] Initializing ExecutorService 'applicationTaskExecutor'
2020-09-20 15:56:43,778 [INFO] org.springframework.boot.actuate.endpoint.web.EndpointLinksResolver [main] Exposing 2 endpoint(s) beneath base path '/actuator'
2020-09-20 15:56:43,831 [INFO] com.jay.rest.RestApplicationTests [main] Started RestApplicationTests in 3.195 seconds (JVM running for 3.956)
2020-09-20 15:56:44,326 [INFO] org.springframework.scheduling.concurrent.ThreadPoolTaskExecutor [SpringContextShutdownHook] Shutting down ExecutorService 'applicationTaskExecutor'
2020-09-20 15:57:18,666 [INFO] com.jay.rest.RestApplicationTests [main] Starting RestApplicationTests on Xps-Jay with PID 19420 (started by jpate in C:\Users\jpate\IdeaProjects\RestUtil)
2020-09-20 15:57:18,667 [INFO] com.jay.rest.RestApplicationTests [main] No active profile set, falling back to default profiles: default
2020-09-20 15:57:19,420 [INFO] org.springframework.data.repository.config.RepositoryConfigurationDelegate [main] Bootstrapping Spring Data MongoDB repositories in DEFAULT mode.
2020-09-20 15:57:19,557 [INFO] org.springframework.data.repository.config.RepositoryConfigurationDelegate [main] Finished Spring Data repository scanning in 132ms. Found 1 MongoDB repository interfaces.
2020-09-20 15:57:19,749 [INFO] org.springframework.context.support.PostProcessorRegistrationDelegate$BeanPostProcessorChecker [main] Bean 'org.springframework.ws.config.annotation.DelegatingWsConfiguration' of type [org.springframework.ws.config.annotation.DelegatingWsConfiguration$$EnhancerBySpringCGLIB$$5247c0cc] is not eligible for getting processed by all BeanPostProcessors (for example: not eligible for auto-proxying)
2020-09-20 15:57:19,796 [INFO] org.springframework.ws.soap.addressing.server.AnnotationActionEndpointMapping [main] Supporting [WS-Addressing August 2004, WS-Addressing 1.0]
2020-09-20 15:57:20,029 [INFO] org.mongodb.driver.cluster [main] Cluster created with settings {hosts=[mymongodb:27017], mode=SINGLE, requiredClusterType=UNKNOWN, serverSelectionTimeout='30000 ms'}
2020-09-20 15:57:20,837 [INFO] org.springframework.scheduling.concurrent.ThreadPoolTaskExecutor [main] Initializing ExecutorService 'applicationTaskExecutor'
2020-09-20 15:57:21,396 [INFO] org.springframework.boot.actuate.endpoint.web.EndpointLinksResolver [main] Exposing 2 endpoint(s) beneath base path '/actuator'
2020-09-20 15:57:21,455 [INFO] com.jay.rest.RestApplicationTests [main] Started RestApplicationTests in 3.012 seconds (JVM running for 3.748)
2020-09-20 15:57:21,994 [INFO] org.springframework.scheduling.concurrent.ThreadPoolTaskExecutor [SpringContextShutdownHook] Shutting down ExecutorService 'applicationTaskExecutor'
